<beans xmlns="http://www.springframework.org/schema/beans"
       xmlns:xsi="http://www.w3.org/2001/XMLSchema-instance"
       xmlns:context="http://www.springframework.org/schema/context"
       xsi:schemaLocation="http://www.springframework.org/schema/beans
       http://www.springframework.org/schema/beans/spring-beans-4.0.xsd
       http://www.springframework.org/schema/context
       http://www.springframework.org/schema/context/spring-context.xsd">

    <context:component-scan base-package="com.zhenhui.library.redis.cache"/>
    <context:annotation-config/>

    <bean id="redisServer" class="redis.embedded.RedisServer" init-method="start" destroy-method="stop">
        <constructor-arg name="port" value="9736"/>
    </bean>

    <bean id="jedisPool" class="redis.clients.jedis.JedisPool">
        <constructor-arg name="host" value="localhost"/>
        <constructor-arg name="port" value="9736" type="int"/>
    </bean>

</beans>
